c:\users\nolen\source\repos\wxwidgets_game\codeblooded\codeblooded\x64\debug\vc143.pdb
c:\users\nolen\source\repos\wxwidgets_game\codeblooded\codeblooded\x64\debug\vc143.idb
c:\users\nolen\source\repos\wxwidgets_game\codeblooded\codeblooded\x64\debug\scriptengine.obj
c:\users\nolen\source\repos\wxwidgets_game\codeblooded\codeblooded\x64\debug\robot.obj
c:\users\nolen\source\repos\wxwidgets_game\codeblooded\codeblooded\x64\debug\mainframe.obj
c:\users\nolen\source\repos\wxwidgets_game\codeblooded\codeblooded\x64\debug\main.obj
c:\users\nolen\source\repos\wxwidgets_game\codeblooded\codeblooded\x64\debug\editorpanel.obj
c:\users\nolen\source\repos\wxwidgets_game\codeblooded\codeblooded\x64\debug\arenapanel.obj
c:\users\nolen\source\repos\wxwidgets_game\codeblooded\codeblooded\x64\debug\app.obj
c:\users\nolen\source\repos\wxwidgets_game\codeblooded\x64\debug\codeblooded.pdb
c:\users\nolen\source\repos\wxwidgets_game\codeblooded\codeblooded\x64\debug\codeblooded.tlog\cl.command.1.tlog
c:\users\nolen\source\repos\wxwidgets_game\codeblooded\codeblooded\x64\debug\codeblooded.tlog\cl.read.1.tlog
c:\users\nolen\source\repos\wxwidgets_game\codeblooded\codeblooded\x64\debug\codeblooded.tlog\cl.write.1.tlog
c:\users\nolen\source\repos\wxwidgets_game\codeblooded\codeblooded\x64\debug\codeblooded.tlog\link-cvtres.read.1.tlog
c:\users\nolen\source\repos\wxwidgets_game\codeblooded\codeblooded\x64\debug\codeblooded.tlog\link-cvtres.write.1.tlog
c:\users\nolen\source\repos\wxwidgets_game\codeblooded\codeblooded\x64\debug\codeblooded.tlog\link-rc.read.1.tlog
c:\users\nolen\source\repos\wxwidgets_game\codeblooded\codeblooded\x64\debug\codeblooded.tlog\link-rc.write.1.tlog
c:\users\nolen\source\repos\wxwidgets_game\codeblooded\codeblooded\x64\debug\codeblooded.tlog\link.command.1.tlog
c:\users\nolen\source\repos\wxwidgets_game\codeblooded\codeblooded\x64\debug\codeblooded.tlog\link.read.1.tlog
c:\users\nolen\source\repos\wxwidgets_game\codeblooded\codeblooded\x64\debug\codeblooded.tlog\link.read.2.tlog
c:\users\nolen\source\repos\wxwidgets_game\codeblooded\codeblooded\x64\debug\codeblooded.tlog\link.read.3.tlog
c:\users\nolen\source\repos\wxwidgets_game\codeblooded\codeblooded\x64\debug\codeblooded.tlog\link.read.4.tlog
c:\users\nolen\source\repos\wxwidgets_game\codeblooded\codeblooded\x64\debug\codeblooded.tlog\link.read.5.tlog
c:\users\nolen\source\repos\wxwidgets_game\codeblooded\codeblooded\x64\debug\codeblooded.tlog\link.write.1.tlog
